0 info it worked if it ends with ok
1 verbose cli [ 'C:\\Program Files\\nodejs\\node.exe',
1 verbose cli   'C:\\Users\\Kiho\\AppData\\Roaming\\npm\\node_modules\\npm\\bin\\npm-cli.js',
1 verbose cli   'run',
1 verbose cli   'watch' ]
2 info using npm@4.1.1
3 info using node@v6.9.2
4 verbose run-script [ 'prewatch', 'watch', 'postwatch' ]
5 info lifecycle svelte-roadtrip-todo@1.0.0~prewatch: svelte-roadtrip-todo@1.0.0
6 silly lifecycle svelte-roadtrip-todo@1.0.0~prewatch: no script for prewatch, continuing
7 info lifecycle svelte-roadtrip-todo@1.0.0~watch: svelte-roadtrip-todo@1.0.0
8 verbose lifecycle svelte-roadtrip-todo@1.0.0~watch: unsafe-perm in lifecycle true
9 verbose lifecycle svelte-roadtrip-todo@1.0.0~watch: PATH: C:\Users\Kiho\AppData\Roaming\npm\node_modules\npm\bin\node-gyp-bin;D:\Work\SvelteApp\svelte-roadtrip-todo\node_modules\.bin;C:\Users\Kiho\AppData\Roaming\npm\node_modules\npm\bin\node-gyp-bin;D:\Work\SvelteApp\svelte-roadtrip-todo\node_modules\.bin;C:\ProgramData\Oracle\Java\javapath;C:\Python27\;C:\Python27\Scripts;C:\Program Files (x86)\Intel\iCLS Client\;C:\Program Files\Intel\iCLS Client\;C:\Program Files (x86)\NVIDIA Corporation\PhysX\Common;C:\WINDOWS\system32;C:\WINDOWS;C:\WINDOWS\System32\Wbem;C:\WINDOWS\System32\WindowsPowerShell\v1.0\;C:\Program Files (x86)\Windows Live\Shared;C:\Program Files (x86)\Intel\OpenCL SDK\3.0\bin\x86;C:\Program Files (x86)\Intel\OpenCL SDK\3.0\bin\x64;C:\Program Files\Intel\Intel(R) Management Engine Components\DAL;C:\Program Files\Intel\Intel(R) Management Engine Components\IPT;C:\Program Files (x86)\Intel\Intel(R) Management Engine Components\DAL;C:\Program Files (x86)\Intel\Intel(R) Management Engine Components\IPT;C:\Program Files (x86)\Microsoft SQL Server\100\Tools\Binn\;C:\Program Files\Microsoft SQL Server\100\Tools\Binn\;C:\Program Files\Microsoft SQL Server\100\DTS\Binn\;C:\Program Files (x86)\Microsoft SQL Server\100\Tools\Binn\VSShell\Common7\IDE\;C:\Program Files (x86)\Microsoft Visual Studio 9.0\Common7\IDE\PrivateAssemblies\;C:\Program Files (x86)\Microsoft SQL Server\100\DTS\Binn\;C:\Program Files (x86)\Microsoft ASP.NET\ASP.NET Web Pages\v1.0\;C:\Program Files\Microsoft SQL Server\110\Tools\Binn\;C:\Program Files\Microsoft SQL Server\110\DTS\Binn\;C:\Program Files (x86)\Microsoft SQL Server\110\Tools\Binn\;C:\Program Files (x86)\Microsoft SQL Server\110\Tools\Binn\ManagementStudio\;C:\Program Files (x86)\Microsoft Visual Studio 10.0\Common7\IDE\PrivateAssemblies\;C:\Program Files (x86)\Microsoft SQL Server\110\DTS\Binn\;C:\Program Files\Microsoft SQL Server\120\Tools\Binn\;C:\Program Files\Microsoft\Web Platform Installer\;C:\Program Files (x86)\GitExtensions\;C:\Program Files\Microsoft SQL Server\130\Tools\Binn\;C:\Program Files (x86)\Heroku\bin;C:\Program Files (x86)\git\cmd;C:\Program Files\nodejs\;C:\Program Files\Microsoft DNX\Dnvm\;C:\Program Files\Git\cmd;C:\Program Files (x86)\Skype\Phone\;C:\Program Files (x86)\Yarn\bin;C:\Program Files\dotnet\;C:\Program Files (x86)\Elm Platform\0.16\bin;C:\Users\Kiho\.dnx\bin;C:\Program Files (x86)\Microsoft VS Code\bin;D:\AppData\Local\Android\sdk\tools;D:\AppData\Local\Android\sdk\platform-tools;C:\Users\Kiho\AppData\Local\Microsoft\WindowsApps;C:\Users\Kiho\AppData\Local\atom\bin;C:\Users\Kiho\AppData\Roaming\npm;C:\Program Files\Heroku\bin;D:\MyAppData\Local\Yarn\bin
10 verbose lifecycle svelte-roadtrip-todo@1.0.0~watch: CWD: D:\Work\SvelteApp\svelte-roadtrip-todo
11 silly lifecycle svelte-roadtrip-todo@1.0.0~watch: Args: [ '/d /s /c', 'webpack -w' ]
12 silly lifecycle svelte-roadtrip-todo@1.0.0~watch: Returned: code: 3221225786  signal: null
13 info lifecycle svelte-roadtrip-todo@1.0.0~watch: Failed to exec watch script
14 verbose stack Error: svelte-roadtrip-todo@1.0.0 watch: `webpack -w`
14 verbose stack Exit status 3221225786
14 verbose stack     at EventEmitter.<anonymous> (C:\Users\Kiho\AppData\Roaming\npm\node_modules\npm\lib\utils\lifecycle.js:279:16)
14 verbose stack     at emitTwo (events.js:106:13)
14 verbose stack     at EventEmitter.emit (events.js:191:7)
14 verbose stack     at ChildProcess.<anonymous> (C:\Users\Kiho\AppData\Roaming\npm\node_modules\npm\lib\utils\spawn.js:40:14)
14 verbose stack     at emitTwo (events.js:106:13)
14 verbose stack     at ChildProcess.emit (events.js:191:7)
14 verbose stack     at maybeClose (internal/child_process.js:877:16)
14 verbose stack     at Process.ChildProcess._handle.onexit (internal/child_process.js:226:5)
15 verbose pkgid svelte-roadtrip-todo@1.0.0
16 verbose cwd D:\Work\SvelteApp\svelte-roadtrip-todo
17 error Windows_NT 10.0.15063
18 error argv "C:\\Program Files\\nodejs\\node.exe" "C:\\Users\\Kiho\\AppData\\Roaming\\npm\\node_modules\\npm\\bin\\npm-cli.js" "run" "watch"
19 error node v6.9.2
20 error npm  v4.1.1
21 error code ELIFECYCLE
22 error svelte-roadtrip-todo@1.0.0 watch: `webpack -w`
22 error Exit status 3221225786
23 error Failed at the svelte-roadtrip-todo@1.0.0 watch script 'webpack -w'.
23 error Make sure you have the latest version of node.js and npm installed.
23 error If you do, this is most likely a problem with the svelte-roadtrip-todo package,
23 error not with npm itself.
23 error Tell the author that this fails on your system:
23 error     webpack -w
23 error You can get information on how to open an issue for this project with:
23 error     npm bugs svelte-roadtrip-todo
23 error Or if that isn't available, you can get their info via:
23 error     npm owner ls svelte-roadtrip-todo
23 error There is likely additional logging output above.
24 verbose exit [ 1, true ]
